<?xml version="1.0" encoding="UTF-8"?>
<!-- Generated by org.testng.reporters.JUnitXMLReporter -->
<testsuite hostname="DESKTOP-S9AKGNU" ignored="0" name="Test" tests="1" failures="0" timestamp="2022-02-10T15:33:35 EST" time="2.655" errors="0">
  <testcase name="@BeforeMethod beforeMethod" time="2.189" classname="rough.NewTest">
    <failure type="org.openqa.selenium.SessionNotCreatedException" message="session not created: This version of ChromeDriver only supports Chrome version 96
Current browser version is 98.0.4758.82 with binary path C:\Program Files (x86)\Google\Chrome\Application\chrome.exe
Build info: version: &amp;apos;3.141.59&amp;apos;, revision: &amp;apos;e82be7d358&amp;apos;, time: &amp;apos;2018-11-14T08:17:03&amp;apos;
System info: host: &amp;apos;DESKTOP-S9AKGNU&amp;apos;, ip: &amp;apos;10.0.0.147&amp;apos;, os.name: &amp;apos;Windows 10&amp;apos;, os.arch: &amp;apos;amd64&amp;apos;, os.version: &amp;apos;10.0&amp;apos;, java.version: &amp;apos;1.8.0_202&amp;apos;
Driver info: driver.version: ChromeDriver
remote stacktrace: Backtrace:
	Ordinal0 [0x004A6903+2517251]
	Ordinal0 [0x0043F8E1+2095329]
	Ordinal0 [0x00342848+1058888]
	Ordinal0 [0x00360B9D+1182621]
	Ordinal0 [0x0035CA60+1165920]
	Ordinal0 [0x0035A2CF+1155791]
	Ordinal0 [0x0038AAAF+1354415]
	Ordinal0 [0x0038A71A+1353498]
	Ordinal0 [0x0038639B+1336219]
	Ordinal0 [0x003627A7+1189799]
	Ordinal0 [0x00363609+1193481]
	GetHandleVerifier [0x00635904+1577972]
	GetHandleVerifier [0x006E0B97+2279047]
	GetHandleVerifier [0x00536D09+534521]
	GetHandleVerifier [0x00535DB9+530601]
	Ordinal0 [0x00444FF9+2117625]
	Ordinal0 [0x004498A8+2136232]
	Ordinal0 [0x004499E2+2136546]
	Ordinal0 [0x00453541+2176321]
	BaseThreadInitThunk [0x76BEFA29+25]
	RtlGetAppContainerNamedObjectPath [0x77317A9E+286]
	RtlGetAppContainerNamedObjectPath [0x77317A6E+238]
">
      <![CDATA[org.openqa.selenium.SessionNotCreatedException: session not created: This version of ChromeDriver only supports Chrome version 96
Current browser version is 98.0.4758.82 with binary path C:\Program Files (x86)\Google\Chrome\Application\chrome.exe
Build info: version: '3.141.59', revision: 'e82be7d358', time: '2018-11-14T08:17:03'
System info: host: 'DESKTOP-S9AKGNU', ip: '10.0.0.147', os.name: 'Windows 10', os.arch: 'amd64', os.version: '10.0', java.version: '1.8.0_202'
Driver info: driver.version: ChromeDriver
remote stacktrace: Backtrace:
Ordinal0 [0x004A6903+2517251]
Ordinal0 [0x0043F8E1+2095329]
Ordinal0 [0x00342848+1058888]
Ordinal0 [0x00360B9D+1182621]
Ordinal0 [0x0035CA60+1165920]
Ordinal0 [0x0035A2CF+1155791]
Ordinal0 [0x0038AAAF+1354415]
Ordinal0 [0x0038A71A+1353498]
Ordinal0 [0x0038639B+1336219]
Ordinal0 [0x003627A7+1189799]
Ordinal0 [0x00363609+1193481]
GetHandleVerifier [0x00635904+1577972]
GetHandleVerifier [0x006E0B97+2279047]
GetHandleVerifier [0x00536D09+534521]
GetHandleVerifier [0x00535DB9+530601]
Ordinal0 [0x00444FF9+2117625]
Ordinal0 [0x004498A8+2136232]
Ordinal0 [0x004499E2+2136546]
Ordinal0 [0x00453541+2176321]
BaseThreadInitThunk [0x76BEFA29+25]
RtlGetAppContainerNamedObjectPath [0x77317A9E+286]
RtlGetAppContainerNamedObjectPath [0x77317A6E+238]

at org.openqa.selenium.remote.W3CHandshakeResponse.lambda$errorHandler$0(W3CHandshakeResponse.java:62)
at org.openqa.selenium.remote.HandshakeResponse.lambda$getResponseFunction$0(HandshakeResponse.java:30)
at org.openqa.selenium.remote.ProtocolHandshake.lambda$createSession$0(ProtocolHandshake.java:126)
at java.util.stream.ReferencePipeline$3$1.accept(ReferencePipeline.java:193)
at java.util.Spliterators$ArraySpliterator.tryAdvance(Spliterators.java:958)
at java.util.stream.ReferencePipeline.forEachWithCancel(ReferencePipeline.java:126)
at java.util.stream.AbstractPipeline.copyIntoWithCancel(AbstractPipeline.java:498)
at java.util.stream.AbstractPipeline.copyInto(AbstractPipeline.java:485)
at java.util.stream.AbstractPipeline.wrapAndCopyInto(AbstractPipeline.java:471)
at java.util.stream.FindOps$FindOp.evaluateSequential(FindOps.java:152)
at java.util.stream.AbstractPipeline.evaluate(AbstractPipeline.java:234)
at java.util.stream.ReferencePipeline.findFirst(ReferencePipeline.java:464)
at org.openqa.selenium.remote.ProtocolHandshake.createSession(ProtocolHandshake.java:128)
at org.openqa.selenium.remote.ProtocolHandshake.createSession(ProtocolHandshake.java:74)
at org.openqa.selenium.remote.HttpCommandExecutor.execute(HttpCommandExecutor.java:136)
at org.openqa.selenium.remote.service.DriverCommandExecutor.execute(DriverCommandExecutor.java:83)
at org.openqa.selenium.remote.RemoteWebDriver.execute(RemoteWebDriver.java:552)
at org.openqa.selenium.remote.RemoteWebDriver.startSession(RemoteWebDriver.java:213)
at org.openqa.selenium.remote.RemoteWebDriver.<init>(RemoteWebDriver.java:131)
at org.openqa.selenium.chrome.ChromeDriver.<init>(ChromeDriver.java:181)
at org.openqa.selenium.chrome.ChromeDriver.<init>(ChromeDriver.java:168)
at org.openqa.selenium.chrome.ChromeDriver.<init>(ChromeDriver.java:123)
at rough.NewTest.beforeMethod(NewTest.java:27)
at java.util.ArrayList.forEach(ArrayList.java:1257)
... Removed 39 stack frames]]>
    </failure>
  </testcase> <!-- @BeforeMethod beforeMethod -->
  <testcase name="@AfterMethod afterMethod" time="-1.644525215574E9" classname="rough.NewTest">
    <skipped/>
  </testcase> <!-- @AfterMethod afterMethod -->
  <testcase name="f" time="0.0" classname="rough.NewTest">
    <skipped/>
  </testcase> <!-- f -->
</testsuite> <!-- Test -->
