<?xml version="1.0" encoding="UTF-8"?>
<testsuite name="Test"
           tests="3"
           failures="1"
           errors="0"
           skipped="2"
           time="-1644525213.385">
  <properties />
            <testcase name="beforeMethod" time="2.189" classname="rough.NewTest">
                <failure type="org.openqa.selenium.SessionNotCreatedException"
                  message="session not created: This version of ChromeDriver only supports Chrome version 96
Current browser version is 98.0.4758.82 with binary path C:\Program Files (x86)\Google\Chrome\Application\chrome.exe
Build info: version: &apos;3.141.59&apos;, revision: &apos;e82be7d358&apos;, time: &apos;2018-11-14T08:17:03&apos;
System info: host: &apos;DESKTOP-S9AKGNU&apos;, ip: &apos;10.0.0.147&apos;, os.name: &apos;Windows 10&apos;, os.arch: &apos;amd64&apos;, os.version: &apos;10.0&apos;, java.version: &apos;1.8.0_202&apos;
Driver info: driver.version: ChromeDriver
remote stacktrace: Backtrace:
	Ordinal0 [0x004A6903+2517251]
	Ordinal0 [0x0043F8E1+2095329]
	Ordinal0 [0x00342848+1058888]
	Ordinal0 [0x00360B9D+1182621]
	Ordinal0 [0x0035CA60+1165920]
	Ordinal0 [0x0035A2CF+1155791]
	Ordinal0 [0x0038AAAF+1354415]
	Ordinal0 [0x0038A71A+1353498]
	Ordinal0 [0x0038639B+1336219]
	Ordinal0 [0x003627A7+1189799]
	Ordinal0 [0x00363609+1193481]
	GetHandleVerifier [0x00635904+1577972]
	GetHandleVerifier [0x006E0B97+2279047]
	GetHandleVerifier [0x00536D09+534521]
	GetHandleVerifier [0x00535DB9+530601]
	Ordinal0 [0x00444FF9+2117625]
	Ordinal0 [0x004498A8+2136232]
	Ordinal0 [0x004499E2+2136546]
	Ordinal0 [0x00453541+2176321]
	BaseThreadInitThunk [0x76BEFA29+25]
	RtlGetAppContainerNamedObjectPath [0x77317A9E+286]
	RtlGetAppContainerNamedObjectPath [0x77317A6E+238]
"
              >
<![CDATA[org.openqa.selenium.SessionNotCreatedException: session not created: This version of ChromeDriver only supports Chrome version 96
Current browser version is 98.0.4758.82 with binary path C:\Program Files (x86)\Google\Chrome\Application\chrome.exe
Build info: version: '3.141.59', revision: 'e82be7d358', time: '2018-11-14T08:17:03'
System info: host: 'DESKTOP-S9AKGNU', ip: '10.0.0.147', os.name: 'Windows 10', os.arch: 'amd64', os.version: '10.0', java.version: '1.8.0_202'
Driver info: driver.version: ChromeDriver
remote stacktrace: Backtrace:
	Ordinal0 [0x004A6903+2517251]
	Ordinal0 [0x0043F8E1+2095329]
	Ordinal0 [0x00342848+1058888]
	Ordinal0 [0x00360B9D+1182621]
	Ordinal0 [0x0035CA60+1165920]
	Ordinal0 [0x0035A2CF+1155791]
	Ordinal0 [0x0038AAAF+1354415]
	Ordinal0 [0x0038A71A+1353498]
	Ordinal0 [0x0038639B+1336219]
	Ordinal0 [0x003627A7+1189799]
	Ordinal0 [0x00363609+1193481]
	GetHandleVerifier [0x00635904+1577972]
	GetHandleVerifier [0x006E0B97+2279047]
	GetHandleVerifier [0x00536D09+534521]
	GetHandleVerifier [0x00535DB9+530601]
	Ordinal0 [0x00444FF9+2117625]
	Ordinal0 [0x004498A8+2136232]
	Ordinal0 [0x004499E2+2136546]
	Ordinal0 [0x00453541+2176321]
	BaseThreadInitThunk [0x76BEFA29+25]
	RtlGetAppContainerNamedObjectPath [0x77317A9E+286]
	RtlGetAppContainerNamedObjectPath [0x77317A6E+238]

  sun.reflect.NativeConstructorAccessorImpl.newInstance0(Native Method)
  sun.reflect.NativeConstructorAccessorImpl.newInstance(NativeConstructorAccessorImpl.java:62)
  sun.reflect.DelegatingConstructorAccessorImpl.newInstance(DelegatingConstructorAccessorImpl.java:45)
  java.lang.reflect.Constructor.newInstance(Constructor.java:423)
  org.openqa.selenium.remote.W3CHandshakeResponse.lambda$errorHandler$0(W3CHandshakeResponse.java:62)
  org.openqa.selenium.remote.HandshakeResponse.lambda$getResponseFunction$0(HandshakeResponse.java:30)
  org.openqa.selenium.remote.ProtocolHandshake.lambda$createSession$0(ProtocolHandshake.java:126)
  java.util.stream.ReferencePipeline$3$1.accept(ReferencePipeline.java:193)
  java.util.Spliterators$ArraySpliterator.tryAdvance(Spliterators.java:958)
  java.util.stream.ReferencePipeline.forEachWithCancel(ReferencePipeline.java:126)
  java.util.stream.AbstractPipeline.copyIntoWithCancel(AbstractPipeline.java:498)
  java.util.stream.AbstractPipeline.copyInto(AbstractPipeline.java:485)
  java.util.stream.AbstractPipeline.wrapAndCopyInto(AbstractPipeline.java:471)
  java.util.stream.FindOps$FindOp.evaluateSequential(FindOps.java:152)
  java.util.stream.AbstractPipeline.evaluate(AbstractPipeline.java:234)
  java.util.stream.ReferencePipeline.findFirst(ReferencePipeline.java:464)
  org.openqa.selenium.remote.ProtocolHandshake.createSession(ProtocolHandshake.java:128)
  org.openqa.selenium.remote.ProtocolHandshake.createSession(ProtocolHandshake.java:74)
  org.openqa.selenium.remote.HttpCommandExecutor.execute(HttpCommandExecutor.java:136)
  org.openqa.selenium.remote.service.DriverCommandExecutor.execute(DriverCommandExecutor.java:83)
  org.openqa.selenium.remote.RemoteWebDriver.execute(RemoteWebDriver.java:552)
  org.openqa.selenium.remote.RemoteWebDriver.startSession(RemoteWebDriver.java:213)
  org.openqa.selenium.remote.RemoteWebDriver.<init>(RemoteWebDriver.java:131)
  org.openqa.selenium.chrome.ChromeDriver.<init>(ChromeDriver.java:181)
  org.openqa.selenium.chrome.ChromeDriver.<init>(ChromeDriver.java:168)
  org.openqa.selenium.chrome.ChromeDriver.<init>(ChromeDriver.java:123)
  rough.NewTest.beforeMethod(NewTest.java:27)
  sun.reflect.NativeMethodAccessorImpl.invoke0(Native Method)
  sun.reflect.NativeMethodAccessorImpl.invoke(NativeMethodAccessorImpl.java:62)
  sun.reflect.DelegatingMethodAccessorImpl.invoke(DelegatingMethodAccessorImpl.java:43)
  java.lang.reflect.Method.invoke(Method.java:498)
  org.testng.internal.MethodInvocationHelper.invokeMethod(MethodInvocationHelper.java:134)
  org.testng.internal.MethodInvocationHelper.invokeMethodConsideringTimeout(MethodInvocationHelper.java:63)
  org.testng.internal.ConfigInvoker.invokeConfigurationMethod(ConfigInvoker.java:348)
  org.testng.internal.ConfigInvoker.invokeConfigurations(ConfigInvoker.java:302)
  org.testng.internal.TestInvoker.runConfigMethods(TestInvoker.java:695)
  org.testng.internal.TestInvoker.invokeMethod(TestInvoker.java:523)
  org.testng.internal.TestInvoker.invokeTestMethod(TestInvoker.java:173)
  org.testng.internal.MethodRunner.runInSequence(MethodRunner.java:46)
  org.testng.internal.TestInvoker$MethodInvocationAgent.invoke(TestInvoker.java:816)
  org.testng.internal.TestInvoker.invokeTestMethods(TestInvoker.java:146)
  org.testng.internal.TestMethodWorker.invokeTestMethods(TestMethodWorker.java:146)
  org.testng.internal.TestMethodWorker.run(TestMethodWorker.java:128)
  java.util.ArrayList.forEach(ArrayList.java:1257)
  org.testng.TestRunner.privateRun(TestRunner.java:766)
  org.testng.TestRunner.run(TestRunner.java:587)
  org.testng.SuiteRunner.runTest(SuiteRunner.java:384)
  org.testng.SuiteRunner.runSequentially(SuiteRunner.java:378)
  org.testng.SuiteRunner.privateRun(SuiteRunner.java:337)
  org.testng.SuiteRunner.run(SuiteRunner.java:286)
  org.testng.SuiteRunnerWorker.runSuite(SuiteRunnerWorker.java:53)
  org.testng.SuiteRunnerWorker.run(SuiteRunnerWorker.java:96)
  org.testng.TestNG.runSuitesSequentially(TestNG.java:1187)
  org.testng.TestNG.runSuitesLocally(TestNG.java:1109)
  org.testng.TestNG.runSuites(TestNG.java:1039)
  org.testng.TestNG.run(TestNG.java:1007)
  org.apache.maven.surefire.testng.TestNGExecutor.run(TestNGExecutor.java:283)
  org.apache.maven.surefire.testng.TestNGXmlTestSuite.execute(TestNGXmlTestSuite.java:75)
  org.apache.maven.surefire.testng.TestNGProvider.invoke(TestNGProvider.java:120)
  org.apache.maven.surefire.booter.ForkedBooter.runSuitesInProcess(ForkedBooter.java:377)
  org.apache.maven.surefire.booter.ForkedBooter.execute(ForkedBooter.java:138)
  org.apache.maven.surefire.booter.ForkedBooter.run(ForkedBooter.java:465)
  org.apache.maven.surefire.booter.ForkedBooter.main(ForkedBooter.java:451)
]]>
      </failure>

          </testcase>
  
            <testcase name="afterMethod" time="0.0" classname="rough.NewTest">
          <skipped />
    </testcase>
            <testcase name="f" time="0.0" classname="rough.NewTest">
          <skipped />
    </testcase>
  
  
</testsuite>
